[0m21:27:52.505425 [debug] [MainThread]: Sending event: {'category': 'dbt', 'action': 'invocation', 'label': 'start', 'context': [<snowplow_tracker.self_describing_json.SelfDescribingJson object at 0x000002126330E350>, <snowplow_tracker.self_describing_json.SelfDescribingJson object at 0x000002126526F280>, <snowplow_tracker.self_describing_json.SelfDescribingJson object at 0x000002126526EA40>]}


============================== 21:27:52.520326 | f858784e-70c6-41aa-9da5-31c444a1281c ==============================
[0m21:27:52.520326 [info ] [MainThread]: Running with dbt=1.9.3
[0m21:27:52.521611 [debug] [MainThread]: running dbt with arguments {'printer_width': '80', 'indirect_selection': 'eager', 'write_json': 'True', 'log_cache_events': 'False', 'partial_parse': 'True', 'cache_selected_only': 'False', 'warn_error': 'None', 'fail_fast': 'False', 'debug': 'False', 'log_path': 'logs', 'version_check': 'True', 'profiles_dir': 'C:\\Users\\hugoa\\.dbt', 'use_colors': 'True', 'use_experimental_parser': 'False', 'no_print': 'None', 'quiet': 'False', 'empty': 'None', 'warn_error_options': 'WarnErrorOptions(include=[], exclude=[])', 'introspect': 'True', 'invocation_command': 'dbt init olist_project', 'static_parser': 'True', 'target_path': 'None', 'log_format': 'default', 'send_anonymous_usage_stats': 'True'}
[0m21:27:52.555804 [debug] [MainThread]: Starter project path: C:\Users\hugoa\miniconda3\envs\DSAI_proj\lib\site-packages\dbt\include\starter_project
[0m21:27:52.568060 [info ] [MainThread]: 
Your new dbt project "olist_project" was created!

For more information on how to configure the profiles.yml file,
please consult the dbt documentation here:

  https://docs.getdbt.com/docs/configure-your-profile

One more thing:

Need help? Don't hesitate to reach out to us via GitHub issues or on Slack:

  https://community.getdbt.com/

Happy modeling!

[0m21:27:52.583274 [info ] [MainThread]: Setting up your profile.
[0m21:27:55.286647 [info ] [MainThread]: Profile olist_project written to C:\Users\hugoa\.dbt\profiles.yml using target's sample configuration. Once updated, you'll be able to start developing with dbt.
[0m21:27:55.286647 [debug] [MainThread]: Command `dbt init` succeeded at 21:27:55.286647 after 2.91 seconds
[0m21:27:55.286647 [debug] [MainThread]: Sending event: {'category': 'dbt', 'action': 'invocation', 'label': 'end', 'context': [<snowplow_tracker.self_describing_json.SelfDescribingJson object at 0x000002126330E350>, <snowplow_tracker.self_describing_json.SelfDescribingJson object at 0x000002126526CFA0>, <snowplow_tracker.self_describing_json.SelfDescribingJson object at 0x0000021265294460>]}
[0m21:27:55.286647 [debug] [MainThread]: Flushing usage events
[0m21:27:56.551907 [debug] [MainThread]: An error was encountered while trying to flush usage events
[0m21:06:36.081701 [debug] [MainThread]: Sending event: {'category': 'dbt', 'action': 'invocation', 'label': 'start', 'context': [<snowplow_tracker.self_describing_json.SelfDescribingJson object at 0x000002A363A52320>, <snowplow_tracker.self_describing_json.SelfDescribingJson object at 0x000002A3649E2740>, <snowplow_tracker.self_describing_json.SelfDescribingJson object at 0x000002A3649E2920>]}


============================== 21:06:36.091286 | 2e81c73e-1e19-46a4-aa19-0a74a657c485 ==============================
[0m21:06:36.091286 [info ] [MainThread]: Running with dbt=1.9.3
[0m21:06:36.093287 [debug] [MainThread]: running dbt with arguments {'printer_width': '80', 'indirect_selection': 'eager', 'write_json': 'True', 'log_cache_events': 'False', 'partial_parse': 'True', 'cache_selected_only': 'False', 'warn_error': 'None', 'version_check': 'True', 'profiles_dir': 'C:\\Users\\hugoa\\.dbt', 'log_path': 'logs', 'debug': 'False', 'fail_fast': 'False', 'use_colors': 'True', 'use_experimental_parser': 'False', 'empty': 'False', 'quiet': 'False', 'no_print': 'None', 'log_format': 'default', 'invocation_command': 'dbt run', 'introspect': 'True', 'warn_error_options': 'WarnErrorOptions(include=[], exclude=[])', 'target_path': 'None', 'static_parser': 'True', 'send_anonymous_usage_stats': 'True'}
[0m21:06:36.095302 [error] [MainThread]: Encountered an error:
Runtime Error
  No dbt_project.yml found at expected path C:\Users\hugoa\DSAI_MAIN\DSAI_project\dbt_project.yml
  Verify that each entry within packages.yml (and their transitive dependencies) contains a file named dbt_project.yml
  
[0m21:06:36.098831 [debug] [MainThread]: Command `dbt run` failed at 21:06:36.097831 after 0.19 seconds
[0m21:06:36.098831 [debug] [MainThread]: Sending event: {'category': 'dbt', 'action': 'invocation', 'label': 'end', 'context': [<snowplow_tracker.self_describing_json.SelfDescribingJson object at 0x000002A363A52320>, <snowplow_tracker.self_describing_json.SelfDescribingJson object at 0x000002A3649E2650>, <snowplow_tracker.self_describing_json.SelfDescribingJson object at 0x000002A3649E2680>]}
[0m21:06:36.099839 [debug] [MainThread]: Flushing usage events
[0m21:06:37.190381 [debug] [MainThread]: An error was encountered while trying to flush usage events
